#
# A fatal error has been detected by the Java Runtime Environment:
#
#  SIGBUS (0xa) at pc=0x00000001071f50f8, pid=18635, tid=0x0000000000005403
#
# JRE version: OpenJDK Runtime Environment (8.0_242) (build 1.8.0_242-release-1644-b3-6222593)
# Java VM: OpenJDK 64-Bit Server VM (25.242-b3-6222593 mixed mode bsd-amd64 compressed oops)
# Problematic frame:
# V  [libjvm.dylib+0x7f50f8]  vtable for Method+0x10
#
# Failed to write core dump. Core dumps have been disabled. To enable core dumping, try "ulimit -c unlimited" before starting Java again
#
# If you would like to submit a bug report, please visit:
#   http://bugreport.java.com/bugreport/crash.jsp
#

---------------  T H R E A D  ---------------

Current thread (0x00007fa8c6802000):  GCTaskThread [stack: 0x000070000d1df000,0x000070000d2df000] [id=21507]

siginfo: si_signo: 10 (SIGBUS), si_code: 2 (BUS_ADRERR), si_addr: 0x00000001071f50f8

Registers:
RAX=0x00000001245aa800, RBX=0x0000000000000240, RCX=0x0000000000000003, RDX=0x0000000748438908
RSP=0x000070000d2dece8, RBP=0x000070000d2ded90, RSI=0x00007fa8c7810340, RDI=0x00000007c0cc7d18
R8 =0x0000000000000000, R9 =0x0000000000000002, R10=0x00007fa8c5d02268, R11=0x0000000011038348
R12=0x0000000748440008, R13=0x0000000117171201, R14=0x0000000748438908, R15=0x0000000117171201
RIP=0x00000001071f50f8, EFLAGS=0x0000000000010213, ERR=0x0000000000000015
  TRAPNO=0x000000000000000e

Top of Stack: (sp=0x000070000d2dece8)
0x000070000d2dece8:   0000000106b3d043 000070000d2ded40
0x000070000d2decf8:   0000000117171200 0000000117171181
0x000070000d2ded08:   0000000117171200 0000000117171000
0x000070000d2ded18:   0000000000000200 000000011719f708
0x000070000d2ded28:   000000074e0e10c8 0000000000000180
0x000070000d2ded38:   00007fa8c7810340 0000000748430008
0x000070000d2ded48:   0000000748440008 000000011719f709
0x000070000d2ded58:   00007fa8c5d01e80 00007fa8c5d020d0
0x000070000d2ded68:   00007fa8c5f05660 00007fa8c5f05660
0x000070000d2ded78:   0000000106fcf89a 00007fa8c7810340
0x000070000d2ded88:   0000000000000001 000070000d2dedc0
0x000070000d2ded98:   0000000106e9d56d 00007fa800000004
0x000070000d2deda8:   00007fa8c9634720 00007fa8c6802000
0x000070000d2dedb8:   0000000000000000 000070000d2deea0
0x000070000d2dedc8:   0000000106c5a011 0000000107222100
0x000070000d2dedd8:   00007fa8c6802000 00007fa8c5f03cc0
0x000070000d2dede8:   00007fa8c5f03d00 00007fa8c5f03d10
0x000070000d2dedf8:   00007fa8c5f03de8 00000000000000d8
0x000070000d2dee08:   00007fa8c5f03f00 00007fa8c6802000
0x000070000d2dee18:   00007fa8c5f03cc0 00007fa8c5f03d00
0x000070000d2dee28:   00007fa8c5f03d10 00007fa8c5f03de8
0x000070000d2dee38:   00000000000000d8 000070000d2dedd8
0x000070000d2dee48:   00007fa8c5f038a0 00007fa8c5f038d0
0x000070000d2dee58:   00007fa8c5f038e0 00007fa8c5f03cb8
0x000070000d2dee68:   00000000000003d8 0000000000000000
0x000070000d2dee78:   00007fa8c5f047c0 00007fa8c5f04830
0x000070000d2dee88:   0000000000000000 00007fa8c6802000
0x000070000d2dee98:   0000000000000001 000070000d2deef0
0x000070000d2deea8:   0000000106e5b9eb 0000000000073db9
0x000070000d2deeb8:   000070000d2df0e0 000070000d2df180
0x000070000d2deec8:   0000000600000000 000070000d2df000
0x000070000d2deed8:   0000000106e5b8f1 000070000d2df000 

Instructions: (pc=0x00000001071f50f8)
0x00000001071f50d8:   00 63 fc 06 01 00 00 00 00 9c fa 06 01 00 00 00
0x00000001071f50e8:   00 00 00 00 00 00 00 00 00 00 00 00 00 00 00 00
0x00000001071f50f8:   4c f7 bc 06 01 00 00 00 54 f7 bc 06 01 00 00 00
0x00000001071f5108:   e2 41 e2 06 01 00 00 00 64 f7 bc 06 01 00 00 00 

Register to memory mapping:

RAX=0x00000001245aa800 is pointing into metadata
RBX=0x0000000000000240 is an unknown value
RCX=0x0000000000000003 is an unknown value
RDX=